

[1/9] Compiling C object gst-plugin/libgstvideoadjust.so.p/src_gstvideoadjust.c.o
FAILED: gst-plugin/libgstvideoadjust.so.p/src_gstvideoadjust.c.o
cc -Igst-plugin/libgstvideoadjust.so.p -Igst-plugin -I../gst-plugin -I/usr/include/gstreamer-1.0 -I/usr/include/x86_64-linux-gnu -I/usr/include/glib-2.0 -I/usr/lib/x86_64-linux-gnu/glib-2.0/include -fdiagnostics-color=always -D_FILE_OFFSET_BITS=64 -Wall -Winvalid-pch -O0 -g -fPIC -pthread -DHAVE_CONFIG_H -MD -MQ gst-plugin/libgstvideoadjust.so.p/src_gstvideoadjust.c.o -MF gst-plugin/libgstvideoadjust.so.p/src_gstvideoadjust.c.o.d -o gst-plugin/libgstvideoadjust.so.p/src_gstvideoadjust.c.o -c ../gst-plugin/src/gstvideoadjust.c
In file included from ../gst-plugin/src/gstvideoadjust.c:66:
../gst-plugin/src/gstvideoadjust.h:47:2: error: #endif without #if
   47 | #endif /* __GST_VIDEOADJUST_H__ */
      |  ^~~~~
[5/9] Compiling C object gst-plugin/libgstaudiofilterexample.so.p/src_gstaudiofilter.c.o
ninja: build stopped: subcommand failed.


--------------->>

ninja: Entering directory `build'
[0/1] Installing files.
Traceback (most recent call last):
  File "/usr/lib/python3/dist-packages/mesonbuild/mesonmain.py", line 146, in run
    return options.run_func(options)
  File "/usr/lib/python3/dist-packages/mesonbuild/minstall.py", line 811, in run
    installer.do_install(datafilename)
  File "/usr/lib/python3/dist-packages/mesonbuild/minstall.py", line 564, in do_install
    d = self.check_installdata(pickle.load(ifile))
AttributeError: Can't get attribute 'OptionString' on <module 'mesonbuild.interpreter.primitives.string' from '/usr/lib/python3/dist-packages/mesonbuild/interpreter/primitives/string.py'>

ERROR: Unhandled python exception

    This is a Meson bug and should be reported!
FAILED: meson-internal__install
/home/lg/.local/bin/meson install --no-rebuild
ninja: build stopped: subcommand failed.



